Using built-in specs.
COLLECT_GCC=x86_64-w64-mingw32-g++
COLLECT_LTO_WRAPPER=/usr/lib/gcc/x86_64-w64-mingw32/13-win32/lto-wrapper
Target: x86_64-w64-mingw32
Configured with: ../../src/configure --build=x86_64-linux-gnu --prefix=/usr --includedir='/usr/include' --mandir='/usr/share/man' --infodir='/usr/share/info' --sysconfdir=/etc --localstatedir=/var --disable-option-checking --disable-silent-rules --libdir='/usr/lib/x86_64-linux-gnu' --libexecdir='/usr/lib/x86_64-linux-gnu' --disable-maintainer-mode --disable-dependency-tracking --prefix=/usr --enable-shared --enable-static --disable-multilib --with-system-zlib --libexecdir=/usr/lib --without-included-gettext --libdir=/usr/lib --enable-libstdcxx-time=yes --with-tune=generic --with-headers --enable-version-specific-runtime-libs --enable-fully-dynamic-string --enable-libgomp --enable-languages=c,c++,fortran,objc,obj-c++,ada --enable-lto --enable-threads=win32 --program-suffix=-win32 --program-prefix=x86_64-w64-mingw32- --target=x86_64-w64-mingw32 --with-as=/usr/bin/x86_64-w64-mingw32-as --with-ld=/usr/bin/x86_64-w64-mingw32-ld --enable-libatomic --enable-libstdcxx-filesystem-ts=yes --enable-dependency-tracking SED=/bin/sed
Thread model: win32
Supported LTO compression algorithms: zlib zstd
gcc version 13-win32 (GCC) 
COLLECT_GCC_OPTIONS='-v' '-shared-libgcc' '-mtune=generic' '-march=x86-64' '-dumpdir' 'a-'
 /usr/lib/gcc/x86_64-w64-mingw32/13-win32/cc1plus -quiet -v -U_REENTRANT src/game.cpp -quiet -dumpdir a- -dumpbase game.cpp -dumpbase-ext .cpp -mtune=generic -march=x86-64 -version -o /tmp/cc4xvPhg.s
GNU C++17 (GCC) version 13-win32 (x86_64-w64-mingw32)
	compiled by GNU C version 13.2.0, GMP version 6.3.0, MPFR version 4.2.1, MPC version 1.3.1, isl version isl-0.26-GMP

GGC heuristics: --param ggc-min-expand=100 --param ggc-min-heapsize=131072
ignoring nonexistent directory "/usr/lib/gcc/x86_64-w64-mingw32/13-win32/../../../../x86_64-w64-mingw32/sys-include"
#include "..." search starts here:
#include <...> search starts here:
 /usr/lib/gcc/x86_64-w64-mingw32/13-win32/include/c++
 /usr/lib/gcc/x86_64-w64-mingw32/13-win32/include/c++/x86_64-w64-mingw32
 /usr/lib/gcc/x86_64-w64-mingw32/13-win32/include/c++/backward
 /usr/lib/gcc/x86_64-w64-mingw32/13-win32/include
 /usr/lib/gcc/x86_64-w64-mingw32/13-win32/include-fixed
 /usr/lib/gcc/x86_64-w64-mingw32/13-win32/../../../../x86_64-w64-mingw32/include
End of search list.
Compiler executable checksum: d9aa912102515005505aa1bbf0e5f800
src/game.cpp:1:10: fatal error: raylib.h: No such file or directory
    1 | #include "raylib.h"
      |          ^~~~~~~~~~
compilation terminated.
